<?xml version="1.0" encoding="UTF-8"?>
<!-- Generated by org.testng.reporters.JUnitReportReporter -->
<testsuite skipped="0" hostname="LAPTOP-1016HSRS" name="SeleniumTopics.DropdownTest" tests="1" failures="0" timestamp="02 Nov 2019 15:04:29 GMT" time="6.981" errors="0">
  <testcase name="test" time="6.981" classname="SeleniumTopics.DropdownTest"/>
</testsuite> <!-- SeleniumTopics.DropdownTest -->
