<?xml version="1.0" encoding="UTF-8"?>
<!-- Generated by org.testng.reporters.JUnitReportReporter -->
<testsuite skipped="0" hostname="LAPTOP-1016HSRS" name="SeleniumTopics.BootStrapDropdownTest" tests="1" failures="0" timestamp="02 Nov 2019 17:32:20 GMT" time="0.332" errors="0">
  <testcase name="test" time="0.332" classname="SeleniumTopics.BootStrapDropdownTest"/>
</testsuite> <!-- SeleniumTopics.BootStrapDropdownTest -->
