<?xml version="1.0" encoding="UTF-8"?>
<!-- Generated by org.testng.reporters.JUnitReportReporter -->
<testsuite skipped="0" hostname="LAPTOP-1016HSRS" name="SeleniumTopics.ClickOnRandomLink" tests="1" failures="0" timestamp="02 Nov 2019 13:22:50 GMT" time="19.462" errors="0">
  <testcase name="test" time="19.462" classname="SeleniumTopics.ClickOnRandomLink"/>
</testsuite> <!-- SeleniumTopics.ClickOnRandomLink -->
