<?xml version="1.0" encoding="UTF-8"?>
<!-- Generated by org.testng.reporters.JUnitReportReporter -->
<testsuite skipped="0" hostname="LAPTOP-1016HSRS" name="SeleniumTopics.AllLinksCapture" tests="1" failures="0" timestamp="02 Nov 2019 13:43:34 GMT" time="12.932" errors="0">
  <testcase name="test" time="12.932" classname="SeleniumTopics.AllLinksCapture"/>
</testsuite> <!-- SeleniumTopics.AllLinksCapture -->
