<?xml version="1.0" encoding="UTF-8"?>
<!-- Generated by org.testng.reporters.JUnitReportReporter -->
<testsuite skipped="0" hostname="LAPTOP-1016HSRS" name="SeleniumTopics.WaitsTesting" tests="1" failures="0" timestamp="02 Nov 2019 07:05:03 GMT" time="25.776" errors="0">
  <testcase name="test" time="25.776" classname="SeleniumTopics.WaitsTesting"/>
</testsuite> <!-- SeleniumTopics.WaitsTesting -->
